Analysis & Synthesis report for hangman
Tue Oct 05 12:46:17 2021
Quartus Prime Version 20.1.0 Build 711 06/05/2020 SJ Lite Edition


---------------------
; Table of Contents ;
---------------------
  1. Legal Notice
  2. Analysis & Synthesis Summary
  3. Analysis & Synthesis Settings
  4. Parallel Compilation
  5. Analysis & Synthesis Source Files Read
  6. Analysis & Synthesis Resource Usage Summary
  7. Analysis & Synthesis Resource Utilization by Entity
  8. State Machine - |hangman|state_handler:state_handler_comp|next_state
  9. State Machine - |hangman|state_handler:state_handler_comp|current_state
 10. User-Specified and Inferred Latches
 11. Registers Removed During Synthesis
 12. General Register Statistics
 13. Inverted Register Statistics
 14. Multiplexer Restructuring Statistics (Restructuring Performed)
 15. Port Connectivity Checks: "display_7seg:display_status_comp"
 16. Post-Synthesis Netlist Statistics for Top Partition
 17. Elapsed Time Per Partition
 18. Analysis & Synthesis Messages



----------------
; Legal Notice ;
----------------
Copyright (C) 2020  Intel Corporation. All rights reserved.
Your use of Intel Corporation's design tools, logic functions 
and other software and tools, and any partner logic 
functions, and any output files from any of the foregoing 
(including device programming or simulation files), and any 
associated documentation or information are expressly subject 
to the terms and conditions of the Intel Program License 
Subscription Agreement, the Intel Quartus Prime License Agreement,
the Intel FPGA IP License Agreement, or other applicable license
agreement, including, without limitation, that your use is for
the sole purpose of programming logic devices manufactured by
Intel and sold by Intel or its authorized distributors.  Please
refer to the applicable agreement for further details, at
https://fpgasoftware.intel.com/eula.



+----------------------------------------------------------------------------------+
; Analysis & Synthesis Summary                                                     ;
+------------------------------------+---------------------------------------------+
; Analysis & Synthesis Status        ; Successful - Tue Oct 05 12:46:17 2021       ;
; Quartus Prime Version              ; 20.1.0 Build 711 06/05/2020 SJ Lite Edition ;
; Revision Name                      ; hangman                                     ;
; Top-level Entity Name              ; hangman                                     ;
; Family                             ; Cyclone IV E                                ;
; Total logic elements               ; 128                                         ;
;     Total combinational functions  ; 85                                          ;
;     Dedicated logic registers      ; 81                                          ;
; Total registers                    ; 81                                          ;
; Total pins                         ; 70                                          ;
; Total virtual pins                 ; 0                                           ;
; Total memory bits                  ; 0                                           ;
; Embedded Multiplier 9-bit elements ; 0                                           ;
; Total PLLs                         ; 0                                           ;
+------------------------------------+---------------------------------------------+


+------------------------------------------------------------------------------------------------------------+
; Analysis & Synthesis Settings                                                                              ;
+------------------------------------------------------------------+--------------------+--------------------+
; Option                                                           ; Setting            ; Default Value      ;
+------------------------------------------------------------------+--------------------+--------------------+
; Top-level entity name                                            ; hangman            ; hangman            ;
; Family name                                                      ; Cyclone IV E       ; Cyclone V          ;
; Use smart compilation                                            ; Off                ; Off                ;
; Enable parallel Assembler and Timing Analyzer during compilation ; On                 ; On                 ;
; Enable compact report table                                      ; Off                ; Off                ;
; Restructure Multiplexers                                         ; Auto               ; Auto               ;
; Create Debugging Nodes for IP Cores                              ; Off                ; Off                ;
; Preserve fewer node names                                        ; On                 ; On                 ;
; Intel FPGA IP Evaluation Mode                                    ; Enable             ; Enable             ;
; Verilog Version                                                  ; Verilog_2001       ; Verilog_2001       ;
; VHDL Version                                                     ; VHDL_1993          ; VHDL_1993          ;
; State Machine Processing                                         ; Auto               ; Auto               ;
; Safe State Machine                                               ; Off                ; Off                ;
; Extract Verilog State Machines                                   ; On                 ; On                 ;
; Extract VHDL State Machines                                      ; On                 ; On                 ;
; Ignore Verilog initial constructs                                ; Off                ; Off                ;
; Iteration limit for constant Verilog loops                       ; 5000               ; 5000               ;
; Iteration limit for non-constant Verilog loops                   ; 250                ; 250                ;
; Add Pass-Through Logic to Inferred RAMs                          ; On                 ; On                 ;
; Infer RAMs from Raw Logic                                        ; On                 ; On                 ;
; Parallel Synthesis                                               ; On                 ; On                 ;
; DSP Block Balancing                                              ; Auto               ; Auto               ;
; NOT Gate Push-Back                                               ; On                 ; On                 ;
; Power-Up Don't Care                                              ; On                 ; On                 ;
; Remove Redundant Logic Cells                                     ; Off                ; Off                ;
; Remove Duplicate Registers                                       ; On                 ; On                 ;
; Ignore CARRY Buffers                                             ; Off                ; Off                ;
; Ignore CASCADE Buffers                                           ; Off                ; Off                ;
; Ignore GLOBAL Buffers                                            ; Off                ; Off                ;
; Ignore ROW GLOBAL Buffers                                        ; Off                ; Off                ;
; Ignore LCELL Buffers                                             ; Off                ; Off                ;
; Ignore SOFT Buffers                                              ; On                 ; On                 ;
; Limit AHDL Integers to 32 Bits                                   ; Off                ; Off                ;
; Optimization Technique                                           ; Balanced           ; Balanced           ;
; Carry Chain Length                                               ; 70                 ; 70                 ;
; Auto Carry Chains                                                ; On                 ; On                 ;
; Auto Open-Drain Pins                                             ; On                 ; On                 ;
; Perform WYSIWYG Primitive Resynthesis                            ; Off                ; Off                ;
; Auto ROM Replacement                                             ; On                 ; On                 ;
; Auto RAM Replacement                                             ; On                 ; On                 ;
; Auto DSP Block Replacement                                       ; On                 ; On                 ;
; Auto Shift Register Replacement                                  ; Auto               ; Auto               ;
; Allow Shift Register Merging across Hierarchies                  ; Auto               ; Auto               ;
; Auto Clock Enable Replacement                                    ; On                 ; On                 ;
; Strict RAM Replacement                                           ; Off                ; Off                ;
; Allow Synchronous Control Signals                                ; On                 ; On                 ;
; Force Use of Synchronous Clear Signals                           ; Off                ; Off                ;
; Auto RAM Block Balancing                                         ; On                 ; On                 ;
; Auto RAM to Logic Cell Conversion                                ; Off                ; Off                ;
; Auto Resource Sharing                                            ; Off                ; Off                ;
; Allow Any RAM Size For Recognition                               ; Off                ; Off                ;
; Allow Any ROM Size For Recognition                               ; Off                ; Off                ;
; Allow Any Shift Register Size For Recognition                    ; Off                ; Off                ;
; Use LogicLock Constraints during Resource Balancing              ; On                 ; On                 ;
; Ignore translate_off and synthesis_off directives                ; Off                ; Off                ;
; Timing-Driven Synthesis                                          ; On                 ; On                 ;
; Report Parameter Settings                                        ; On                 ; On                 ;
; Report Source Assignments                                        ; On                 ; On                 ;
; Report Connectivity Checks                                       ; On                 ; On                 ;
; Ignore Maximum Fan-Out Assignments                               ; Off                ; Off                ;
; Synchronization Register Chain Length                            ; 2                  ; 2                  ;
; Power Optimization During Synthesis                              ; Normal compilation ; Normal compilation ;
; HDL message level                                                ; Level2             ; Level2             ;
; Suppress Register Optimization Related Messages                  ; Off                ; Off                ;
; Number of Removed Registers Reported in Synthesis Report         ; 5000               ; 5000               ;
; Number of Swept Nodes Reported in Synthesis Report               ; 5000               ; 5000               ;
; Number of Inverted Registers Reported in Synthesis Report        ; 100                ; 100                ;
; Clock MUX Protection                                             ; On                 ; On                 ;
; Auto Gated Clock Conversion                                      ; Off                ; Off                ;
; Block Design Naming                                              ; Auto               ; Auto               ;
; SDC constraint protection                                        ; Off                ; Off                ;
; Synthesis Effort                                                 ; Auto               ; Auto               ;
; Shift Register Replacement - Allow Asynchronous Clear Signal     ; On                 ; On                 ;
; Pre-Mapping Resynthesis Optimization                             ; Off                ; Off                ;
; Analysis & Synthesis Message Level                               ; Medium             ; Medium             ;
; Disable Register Merging Across Hierarchies                      ; Auto               ; Auto               ;
; Resource Aware Inference For Block RAM                           ; On                 ; On                 ;
+------------------------------------------------------------------+--------------------+--------------------+


+------------------------------------------+
; Parallel Compilation                     ;
+----------------------------+-------------+
; Processors                 ; Number      ;
+----------------------------+-------------+
; Number detected on machine ; 4           ;
; Maximum allowed            ; 2           ;
;                            ;             ;
; Average used               ; 1.00        ;
; Maximum used               ; 2           ;
;                            ;             ;
; Usage by Processor         ; % Time Used ;
;     Processor 1            ; 100.0%      ;
;     Processor 2            ;   0.0%      ;
+----------------------------+-------------+


+----------------------------------------------------------------------------------------------------------------------------------------------------------------------------------+
; Analysis & Synthesis Source Files Read                                                                                                                                           ;
+----------------------------------+-----------------+-----------------------+-------------------------------------------------------------------------------------------+---------+
; File Name with User-Entered Path ; Used in Netlist ; File Type             ; File Name with Absolute Path                                                              ; Library ;
+----------------------------------+-----------------+-----------------------+-------------------------------------------------------------------------------------------+---------+
; hangman.vhd                      ; yes             ; Auto-Found VHDL File  ; C:/Users/chris/Desktop/quartus/Trabalhos/HangmanGame/code/hangman/hangman.vhd             ;         ;
; letter_verification.vhd          ; yes             ; Auto-Found VHDL File  ; C:/Users/chris/Desktop/quartus/Trabalhos/HangmanGame/code/hangman/letter_verification.vhd ;         ;
; state_handler.vhd                ; yes             ; Auto-Found VHDL File  ; C:/Users/chris/Desktop/quartus/Trabalhos/HangmanGame/code/hangman/state_handler.vhd       ;         ;
; display_7seg.vhd                 ; yes             ; Auto-Found VHDL File  ; C:/Users/chris/Desktop/quartus/Trabalhos/HangmanGame/code/hangman/display_7seg.vhd        ;         ;
+----------------------------------+-----------------+-----------------------+-------------------------------------------------------------------------------------------+---------+


+---------------------------------------------------------+
; Analysis & Synthesis Resource Usage Summary             ;
+---------------------------------------------+-----------+
; Resource                                    ; Usage     ;
+---------------------------------------------+-----------+
; Estimated Total logic elements              ; 128       ;
;                                             ;           ;
; Total combinational functions               ; 85        ;
; Logic element usage by number of LUT inputs ;           ;
;     -- 4 input functions                    ; 50        ;
;     -- 3 input functions                    ; 18        ;
;     -- <=2 input functions                  ; 17        ;
;                                             ;           ;
; Logic elements by mode                      ;           ;
;     -- normal mode                          ; 85        ;
;     -- arithmetic mode                      ; 0         ;
;                                             ;           ;
; Total registers                             ; 81        ;
;     -- Dedicated logic registers            ; 81        ;
;     -- I/O registers                        ; 0         ;
;                                             ;           ;
; I/O pins                                    ; 70        ;
;                                             ;           ;
; Embedded Multiplier 9-bit elements          ; 0         ;
;                                             ;           ;
; Maximum fan-out node                        ; CLK~input ;
; Maximum fan-out                             ; 65        ;
; Total fan-out                               ; 570       ;
; Average fan-out                             ; 1.86      ;
+---------------------------------------------+-----------+


+---------------------------------------------------------------------------------------------------------------------------------------------------------------------------------------------------------------------------------------------------------------------------+
; Analysis & Synthesis Resource Utilization by Entity                                                                                                                                                                                                                       ;
+---------------------------------------------------+---------------------+---------------------------+-------------+--------------+---------+-----------+------+--------------+-------------------------------------------------------+---------------------+--------------+
; Compilation Hierarchy Node                        ; Combinational ALUTs ; Dedicated Logic Registers ; Memory Bits ; DSP Elements ; DSP 9x9 ; DSP 18x18 ; Pins ; Virtual Pins ; Full Hierarchy Name                                   ; Entity Name         ; Library Name ;
+---------------------------------------------------+---------------------+---------------------------+-------------+--------------+---------+-----------+------+--------------+-------------------------------------------------------+---------------------+--------------+
; |hangman                                          ; 85 (22)             ; 81 (0)                    ; 0           ; 0            ; 0       ; 0         ; 70   ; 0            ; |hangman                                              ; hangman             ; work         ;
;    |display_7seg:display1_comp|                   ; 2 (2)               ; 7 (7)                     ; 0           ; 0            ; 0       ; 0         ; 0    ; 0            ; |hangman|display_7seg:display1_comp                   ; display_7seg        ; work         ;
;    |display_7seg:display2_comp|                   ; 2 (2)               ; 7 (7)                     ; 0           ; 0            ; 0       ; 0         ; 0    ; 0            ; |hangman|display_7seg:display2_comp                   ; display_7seg        ; work         ;
;    |display_7seg:display3_comp|                   ; 0 (0)               ; 7 (7)                     ; 0           ; 0            ; 0       ; 0         ; 0    ; 0            ; |hangman|display_7seg:display3_comp                   ; display_7seg        ; work         ;
;    |display_7seg:display4_comp|                   ; 2 (2)               ; 7 (7)                     ; 0           ; 0            ; 0       ; 0         ; 0    ; 0            ; |hangman|display_7seg:display4_comp                   ; display_7seg        ; work         ;
;    |display_7seg:display5_comp|                   ; 2 (2)               ; 7 (7)                     ; 0           ; 0            ; 0       ; 0         ; 0    ; 0            ; |hangman|display_7seg:display5_comp                   ; display_7seg        ; work         ;
;    |display_7seg:display6_comp|                   ; 2 (2)               ; 7 (7)                     ; 0           ; 0            ; 0       ; 0         ; 0    ; 0            ; |hangman|display_7seg:display6_comp                   ; display_7seg        ; work         ;
;    |display_7seg:display_status_comp|             ; 5 (5)               ; 7 (7)                     ; 0           ; 0            ; 0       ; 0         ; 0    ; 0            ; |hangman|display_7seg:display_status_comp             ; display_7seg        ; work         ;
;    |letter_verification:letter_verification_comp| ; 10 (10)             ; 18 (18)                   ; 0           ; 0            ; 0       ; 0         ; 0    ; 0            ; |hangman|letter_verification:letter_verification_comp ; letter_verification ; work         ;
;    |state_handler:state_handler_comp|             ; 38 (38)             ; 14 (14)                   ; 0           ; 0            ; 0       ; 0         ; 0    ; 0            ; |hangman|state_handler:state_handler_comp             ; state_handler       ; work         ;
+---------------------------------------------------+---------------------+---------------------------+-------------+--------------+---------+-----------+------+--------------+-------------------------------------------------------+---------------------+--------------+
Note: For table entries with two numbers listed, the numbers in parentheses indicate the number of resources of the given type used by the specific entity alone. The numbers listed outside of parentheses indicate the total resources of the given type used by the specific entity and all of its sub-entities in the hierarchy.


Encoding Type:  One-Hot
+---------------------------------------------------------------------------------------------------------------------------------------------------------------------------+
; State Machine - |hangman|state_handler:state_handler_comp|next_state                                                                                                      ;
+--------------------+-----------------+----------------+------------------+------------------+------------------+------------------+--------------------+------------------+
; Name               ; next_state.Lose ; next_state.Win ; next_state.Char4 ; next_state.Char3 ; next_state.Char2 ; next_state.Char1 ; next_state.Waiting ; next_state.Char0 ;
+--------------------+-----------------+----------------+------------------+------------------+------------------+------------------+--------------------+------------------+
; next_state.Char0   ; 0               ; 0              ; 0                ; 0                ; 0                ; 0                ; 0                  ; 0                ;
; next_state.Waiting ; 0               ; 0              ; 0                ; 0                ; 0                ; 0                ; 1                  ; 1                ;
; next_state.Char1   ; 0               ; 0              ; 0                ; 0                ; 0                ; 1                ; 0                  ; 1                ;
; next_state.Char2   ; 0               ; 0              ; 0                ; 0                ; 1                ; 0                ; 0                  ; 1                ;
; next_state.Char3   ; 0               ; 0              ; 0                ; 1                ; 0                ; 0                ; 0                  ; 1                ;
; next_state.Char4   ; 0               ; 0              ; 1                ; 0                ; 0                ; 0                ; 0                  ; 1                ;
; next_state.Win     ; 0               ; 1              ; 0                ; 0                ; 0                ; 0                ; 0                  ; 1                ;
; next_state.Lose    ; 1               ; 0              ; 0                ; 0                ; 0                ; 0                ; 0                  ; 1                ;
+--------------------+-----------------+----------------+------------------+------------------+------------------+------------------+--------------------+------------------+


Encoding Type:  One-Hot
+------------------------------------------------------------------------------------------------------------------------------------------------------------------------------------------------------+
; State Machine - |hangman|state_handler:state_handler_comp|current_state                                                                                                                              ;
+-----------------------+--------------------+-------------------+---------------------+---------------------+---------------------+---------------------+---------------------+-----------------------+
; Name                  ; current_state.Lose ; current_state.Win ; current_state.Char4 ; current_state.Char3 ; current_state.Char2 ; current_state.Char1 ; current_state.Char0 ; current_state.Waiting ;
+-----------------------+--------------------+-------------------+---------------------+---------------------+---------------------+---------------------+---------------------+-----------------------+
; current_state.Waiting ; 0                  ; 0                 ; 0                   ; 0                   ; 0                   ; 0                   ; 0                   ; 0                     ;
; current_state.Char0   ; 0                  ; 0                 ; 0                   ; 0                   ; 0                   ; 0                   ; 1                   ; 1                     ;
; current_state.Char1   ; 0                  ; 0                 ; 0                   ; 0                   ; 0                   ; 1                   ; 0                   ; 1                     ;
; current_state.Char2   ; 0                  ; 0                 ; 0                   ; 0                   ; 1                   ; 0                   ; 0                   ; 1                     ;
; current_state.Char3   ; 0                  ; 0                 ; 0                   ; 1                   ; 0                   ; 0                   ; 0                   ; 1                     ;
; current_state.Char4   ; 0                  ; 0                 ; 1                   ; 0                   ; 0                   ; 0                   ; 0                   ; 1                     ;
; current_state.Win     ; 0                  ; 1                 ; 0                   ; 0                   ; 0                   ; 0                   ; 0                   ; 1                     ;
; current_state.Lose    ; 1                  ; 0                 ; 0                   ; 0                   ; 0                   ; 0                   ; 0                   ; 1                     ;
+-----------------------+--------------------+-------------------+---------------------+---------------------+---------------------+---------------------+---------------------+-----------------------+


+----------------------------------------------------------------------------------------------------------------------+
; User-Specified and Inferred Latches                                                                                  ;
+-----------------------------------------------------+---------------------------------------+------------------------+
; Latch Name                                          ; Latch Enable Signal                   ; Free of Timing Hazards ;
+-----------------------------------------------------+---------------------------------------+------------------------+
; DISPLAY_LETTER_1[0]                                 ; display_7seg:display_status_comp|Mux6 ; yes                    ;
; DISPLAY_LETTER_1[1]                                 ; display_7seg:display_status_comp|Mux6 ; yes                    ;
; DISPLAY_LETTER_1[2]                                 ; display_7seg:display_status_comp|Mux6 ; yes                    ;
; DISPLAY_LETTER_1[3]                                 ; display_7seg:display_status_comp|Mux6 ; yes                    ;
; DISPLAY_LETTER_1[4]                                 ; display_7seg:display_status_comp|Mux6 ; yes                    ;
; DISPLAY_LETTER_2[0]                                 ; display_7seg:display_status_comp|Mux6 ; yes                    ;
; DISPLAY_LETTER_2[1]                                 ; display_7seg:display_status_comp|Mux6 ; yes                    ;
; DISPLAY_LETTER_2[2]                                 ; display_7seg:display_status_comp|Mux6 ; yes                    ;
; DISPLAY_LETTER_2[3]                                 ; display_7seg:display_status_comp|Mux6 ; yes                    ;
; DISPLAY_LETTER_2[4]                                 ; display_7seg:display_status_comp|Mux6 ; yes                    ;
; DISPLAY_LETTER_3[0]                                 ; display_7seg:display_status_comp|Mux6 ; yes                    ;
; DISPLAY_LETTER_3[1]                                 ; display_7seg:display_status_comp|Mux6 ; yes                    ;
; DISPLAY_LETTER_3[2]                                 ; display_7seg:display_status_comp|Mux6 ; yes                    ;
; DISPLAY_LETTER_3[3]                                 ; display_7seg:display_status_comp|Mux6 ; yes                    ;
; DISPLAY_LETTER_3[4]                                 ; display_7seg:display_status_comp|Mux6 ; yes                    ;
; DISPLAY_LETTER_4[0]                                 ; display_7seg:display_status_comp|Mux6 ; yes                    ;
; DISPLAY_LETTER_4[1]                                 ; display_7seg:display_status_comp|Mux6 ; yes                    ;
; DISPLAY_LETTER_4[2]                                 ; display_7seg:display_status_comp|Mux6 ; yes                    ;
; DISPLAY_LETTER_4[3]                                 ; display_7seg:display_status_comp|Mux6 ; yes                    ;
; DISPLAY_LETTER_4[4]                                 ; display_7seg:display_status_comp|Mux6 ; yes                    ;
; DISPLAY_LETTER_5[0]                                 ; display_7seg:display_status_comp|Mux6 ; yes                    ;
; DISPLAY_LETTER_5[1]                                 ; display_7seg:display_status_comp|Mux6 ; yes                    ;
; DISPLAY_LETTER_5[2]                                 ; display_7seg:display_status_comp|Mux6 ; yes                    ;
; DISPLAY_LETTER_5[3]                                 ; display_7seg:display_status_comp|Mux6 ; yes                    ;
; DISPLAY_LETTER_5[4]                                 ; display_7seg:display_status_comp|Mux6 ; yes                    ;
; DISPLAY_LETTER_6[0]                                 ; display_7seg:display_status_comp|Mux6 ; yes                    ;
; DISPLAY_LETTER_6[1]                                 ; display_7seg:display_status_comp|Mux6 ; yes                    ;
; DISPLAY_LETTER_6[2]                                 ; display_7seg:display_status_comp|Mux6 ; yes                    ;
; DISPLAY_LETTER_6[3]                                 ; display_7seg:display_status_comp|Mux6 ; yes                    ;
; DISPLAY_LETTER_6[4]                                 ; display_7seg:display_status_comp|Mux6 ; yes                    ;
; Number of user-specified and inferred latches = 30  ;                                       ;                        ;
+-----------------------------------------------------+---------------------------------------+------------------------+
Note: All latches listed above may not be present at the end of synthesis due to various synthesis optimizations.


+-----------------------------------------------------------------------------------------------------------------------------------+
; Registers Removed During Synthesis                                                                                                ;
+-----------------------------------------------------------+-----------------------------------------------------------------------+
; Register name                                             ; Reason for Removal                                                    ;
+-----------------------------------------------------------+-----------------------------------------------------------------------+
; letter_verification:letter_verification_comp|MASK_CTRL[2] ; Merged with letter_verification:letter_verification_comp|MASK_CTRL[0] ;
; state_handler:state_handler_comp|next_state.Waiting       ; Merged with state_handler:state_handler_comp|next_state.Lose          ;
; state_handler:state_handler_comp|next_state.Lose          ; Stuck at GND due to stuck port data_in                                ;
; Total Number of Removed Registers = 3                     ;                                                                       ;
+-----------------------------------------------------------+-----------------------------------------------------------------------+


+------------------------------------------------------+
; General Register Statistics                          ;
+----------------------------------------------+-------+
; Statistic                                    ; Value ;
+----------------------------------------------+-------+
; Total registers                              ; 81    ;
; Number of registers using Synchronous Clear  ; 0     ;
; Number of registers using Synchronous Load   ; 0     ;
; Number of registers using Asynchronous Clear ; 16    ;
; Number of registers using Asynchronous Load  ; 0     ;
; Number of registers using Clock Enable       ; 2     ;
; Number of registers using Preset             ; 0     ;
+----------------------------------------------+-------+


+--------------------------------------------------------------------------------------+
; Inverted Register Statistics                                                         ;
+----------------------------------------------------------------------------+---------+
; Inverted Register                                                          ; Fan out ;
+----------------------------------------------------------------------------+---------+
; letter_verification:letter_verification_comp|\life_process:life_counter[0] ; 2       ;
; letter_verification:letter_verification_comp|\life_process:life_counter[1] ; 3       ;
; Total number of inverted registers = 2                                     ;         ;
+----------------------------------------------------------------------------+---------+


+-------------------------------------------------------------------------------------------------------------------------------------------------------------------------------+
; Multiplexer Restructuring Statistics (Restructuring Performed)                                                                                                                ;
+--------------------+-----------+---------------+----------------------+------------------------+------------+-----------------------------------------------------------------+
; Multiplexer Inputs ; Bus Width ; Baseline Area ; Area if Restructured ; Saving if Restructured ; Registered ; Example Multiplexer Output                                      ;
+--------------------+-----------+---------------+----------------------+------------------------+------------+-----------------------------------------------------------------+
; 3:1                ; 6 bits    ; 12 LEs        ; 12 LEs               ; 0 LEs                  ; No         ; |hangman|state_handler:state_handler_comp|current_state.Char1   ;
; 5:1                ; 6 bits    ; 18 LEs        ; 18 LEs               ; 0 LEs                  ; No         ; |hangman|state_handler:state_handler_comp|next_state.Waiting    ;
; 5:1                ; 2 bits    ; 6 LEs         ; 6 LEs                ; 0 LEs                  ; No         ; |hangman|state_handler:state_handler_comp|current_state.Waiting ;
; 7:1                ; 2 bits    ; 8 LEs         ; 4 LEs                ; 4 LEs                  ; No         ; |hangman|state_handler:state_handler_comp|next_state.Char1      ;
+--------------------+-----------+---------------+----------------------+------------------------+------------+-----------------------------------------------------------------+


+--------------------------------------------------------------+
; Port Connectivity Checks: "display_7seg:display_status_comp" ;
+-------------+-------+----------+-----------------------------+
; Port        ; Type  ; Severity ; Details                     ;
+-------------+-------+----------+-----------------------------+
; value_in[4] ; Input ; Info     ; Stuck at VCC                ;
+-------------+-------+----------+-----------------------------+


+-----------------------------------------------------+
; Post-Synthesis Netlist Statistics for Top Partition ;
+-----------------------+-----------------------------+
; Type                  ; Count                       ;
+-----------------------+-----------------------------+
; boundary_port         ; 70                          ;
; cycloneiii_ff         ; 81                          ;
;     CLR               ; 16                          ;
;     ENA               ; 2                           ;
;     plain             ; 63                          ;
; cycloneiii_lcell_comb ; 86                          ;
;     normal            ; 86                          ;
;         1 data inputs ; 5                           ;
;         2 data inputs ; 13                          ;
;         3 data inputs ; 18                          ;
;         4 data inputs ; 50                          ;
;                       ;                             ;
; Max LUT depth         ; 6.00                        ;
; Average LUT depth     ; 2.37                        ;
+-----------------------+-----------------------------+


+-------------------------------+
; Elapsed Time Per Partition    ;
+----------------+--------------+
; Partition Name ; Elapsed Time ;
+----------------+--------------+
; Top            ; 00:00:01     ;
+----------------+--------------+


+-------------------------------+
; Analysis & Synthesis Messages ;
+-------------------------------+
Info: *******************************************************************
Info: Running Quartus Prime Analysis & Synthesis
    Info: Version 20.1.0 Build 711 06/05/2020 SJ Lite Edition
    Info: Processing started: Tue Oct 05 12:45:57 2021
Info: Command: quartus_map --read_settings_files=on --write_settings_files=off hangman -c hangman
Warning (18236): Number of processors has not been specified which may cause overloading on shared machines.  Set the global assignment NUM_PARALLEL_PROCESSORS in your QSF to an appropriate value for best performance.
Info (20030): Parallel compilation is enabled and will use 2 of the 2 processors detected
Warning (12125): Using design file hangman.vhd, which is not specified as a design file for the current project, but contains definitions for 2 design units and 1 entities in project
    Info (12022): Found design unit 1: hangman-hardware File: C:/Users/chris/Desktop/quartus/Trabalhos/HangmanGame/code/hangman/hangman.vhd Line: 43
    Info (12023): Found entity 1: hangman File: C:/Users/chris/Desktop/quartus/Trabalhos/HangmanGame/code/hangman/hangman.vhd Line: 23
Info (12127): Elaborating entity "hangman" for the top level hierarchy
Warning (10631): VHDL Process Statement warning at hangman.vhd(111): inferring latch(es) for signal or variable "DISPLAY_LETTER_1", which holds its previous value in one or more paths through the process File: C:/Users/chris/Desktop/quartus/Trabalhos/HangmanGame/code/hangman/hangman.vhd Line: 111
Warning (10631): VHDL Process Statement warning at hangman.vhd(111): inferring latch(es) for signal or variable "DISPLAY_LETTER_2", which holds its previous value in one or more paths through the process File: C:/Users/chris/Desktop/quartus/Trabalhos/HangmanGame/code/hangman/hangman.vhd Line: 111
Warning (10631): VHDL Process Statement warning at hangman.vhd(111): inferring latch(es) for signal or variable "DISPLAY_LETTER_3", which holds its previous value in one or more paths through the process File: C:/Users/chris/Desktop/quartus/Trabalhos/HangmanGame/code/hangman/hangman.vhd Line: 111
Warning (10631): VHDL Process Statement warning at hangman.vhd(111): inferring latch(es) for signal or variable "DISPLAY_LETTER_4", which holds its previous value in one or more paths through the process File: C:/Users/chris/Desktop/quartus/Trabalhos/HangmanGame/code/hangman/hangman.vhd Line: 111
Warning (10631): VHDL Process Statement warning at hangman.vhd(111): inferring latch(es) for signal or variable "DISPLAY_LETTER_5", which holds its previous value in one or more paths through the process File: C:/Users/chris/Desktop/quartus/Trabalhos/HangmanGame/code/hangman/hangman.vhd Line: 111
Warning (10631): VHDL Process Statement warning at hangman.vhd(111): inferring latch(es) for signal or variable "DISPLAY_LETTER_6", which holds its previous value in one or more paths through the process File: C:/Users/chris/Desktop/quartus/Trabalhos/HangmanGame/code/hangman/hangman.vhd Line: 111
Info (10041): Inferred latch for "LIFE_LEDS[0]" at hangman.vhd(159) File: C:/Users/chris/Desktop/quartus/Trabalhos/HangmanGame/code/hangman/hangman.vhd Line: 159
Info (10041): Inferred latch for "LIFE_LEDS[1]" at hangman.vhd(159) File: C:/Users/chris/Desktop/quartus/Trabalhos/HangmanGame/code/hangman/hangman.vhd Line: 159
Info (10041): Inferred latch for "LIFE_LEDS[2]" at hangman.vhd(159) File: C:/Users/chris/Desktop/quartus/Trabalhos/HangmanGame/code/hangman/hangman.vhd Line: 159
Info (10041): Inferred latch for "DISPLAY_LETTER_6[0]" at hangman.vhd(111) File: C:/Users/chris/Desktop/quartus/Trabalhos/HangmanGame/code/hangman/hangman.vhd Line: 111
Info (10041): Inferred latch for "DISPLAY_LETTER_6[1]" at hangman.vhd(111) File: C:/Users/chris/Desktop/quartus/Trabalhos/HangmanGame/code/hangman/hangman.vhd Line: 111
Info (10041): Inferred latch for "DISPLAY_LETTER_6[2]" at hangman.vhd(111) File: C:/Users/chris/Desktop/quartus/Trabalhos/HangmanGame/code/hangman/hangman.vhd Line: 111
Info (10041): Inferred latch for "DISPLAY_LETTER_6[3]" at hangman.vhd(111) File: C:/Users/chris/Desktop/quartus/Trabalhos/HangmanGame/code/hangman/hangman.vhd Line: 111
Info (10041): Inferred latch for "DISPLAY_LETTER_6[4]" at hangman.vhd(111) File: C:/Users/chris/Desktop/quartus/Trabalhos/HangmanGame/code/hangman/hangman.vhd Line: 111
Info (10041): Inferred latch for "DISPLAY_LETTER_5[0]" at hangman.vhd(111) File: C:/Users/chris/Desktop/quartus/Trabalhos/HangmanGame/code/hangman/hangman.vhd Line: 111
Info (10041): Inferred latch for "DISPLAY_LETTER_5[1]" at hangman.vhd(111) File: C:/Users/chris/Desktop/quartus/Trabalhos/HangmanGame/code/hangman/hangman.vhd Line: 111
Info (10041): Inferred latch for "DISPLAY_LETTER_5[2]" at hangman.vhd(111) File: C:/Users/chris/Desktop/quartus/Trabalhos/HangmanGame/code/hangman/hangman.vhd Line: 111
Info (10041): Inferred latch for "DISPLAY_LETTER_5[3]" at hangman.vhd(111) File: C:/Users/chris/Desktop/quartus/Trabalhos/HangmanGame/code/hangman/hangman.vhd Line: 111
Info (10041): Inferred latch for "DISPLAY_LETTER_5[4]" at hangman.vhd(111) File: C:/Users/chris/Desktop/quartus/Trabalhos/HangmanGame/code/hangman/hangman.vhd Line: 111
Info (10041): Inferred latch for "DISPLAY_LETTER_4[0]" at hangman.vhd(111) File: C:/Users/chris/Desktop/quartus/Trabalhos/HangmanGame/code/hangman/hangman.vhd Line: 111
Info (10041): Inferred latch for "DISPLAY_LETTER_4[1]" at hangman.vhd(111) File: C:/Users/chris/Desktop/quartus/Trabalhos/HangmanGame/code/hangman/hangman.vhd Line: 111
Info (10041): Inferred latch for "DISPLAY_LETTER_4[2]" at hangman.vhd(111) File: C:/Users/chris/Desktop/quartus/Trabalhos/HangmanGame/code/hangman/hangman.vhd Line: 111
Info (10041): Inferred latch for "DISPLAY_LETTER_4[3]" at hangman.vhd(111) File: C:/Users/chris/Desktop/quartus/Trabalhos/HangmanGame/code/hangman/hangman.vhd Line: 111
Info (10041): Inferred latch for "DISPLAY_LETTER_4[4]" at hangman.vhd(111) File: C:/Users/chris/Desktop/quartus/Trabalhos/HangmanGame/code/hangman/hangman.vhd Line: 111
Info (10041): Inferred latch for "DISPLAY_LETTER_3[0]" at hangman.vhd(111) File: C:/Users/chris/Desktop/quartus/Trabalhos/HangmanGame/code/hangman/hangman.vhd Line: 111
Info (10041): Inferred latch for "DISPLAY_LETTER_3[1]" at hangman.vhd(111) File: C:/Users/chris/Desktop/quartus/Trabalhos/HangmanGame/code/hangman/hangman.vhd Line: 111
Info (10041): Inferred latch for "DISPLAY_LETTER_3[2]" at hangman.vhd(111) File: C:/Users/chris/Desktop/quartus/Trabalhos/HangmanGame/code/hangman/hangman.vhd Line: 111
Info (10041): Inferred latch for "DISPLAY_LETTER_3[3]" at hangman.vhd(111) File: C:/Users/chris/Desktop/quartus/Trabalhos/HangmanGame/code/hangman/hangman.vhd Line: 111
Info (10041): Inferred latch for "DISPLAY_LETTER_3[4]" at hangman.vhd(111) File: C:/Users/chris/Desktop/quartus/Trabalhos/HangmanGame/code/hangman/hangman.vhd Line: 111
Info (10041): Inferred latch for "DISPLAY_LETTER_2[0]" at hangman.vhd(111) File: C:/Users/chris/Desktop/quartus/Trabalhos/HangmanGame/code/hangman/hangman.vhd Line: 111
Info (10041): Inferred latch for "DISPLAY_LETTER_2[1]" at hangman.vhd(111) File: C:/Users/chris/Desktop/quartus/Trabalhos/HangmanGame/code/hangman/hangman.vhd Line: 111
Info (10041): Inferred latch for "DISPLAY_LETTER_2[2]" at hangman.vhd(111) File: C:/Users/chris/Desktop/quartus/Trabalhos/HangmanGame/code/hangman/hangman.vhd Line: 111
Info (10041): Inferred latch for "DISPLAY_LETTER_2[3]" at hangman.vhd(111) File: C:/Users/chris/Desktop/quartus/Trabalhos/HangmanGame/code/hangman/hangman.vhd Line: 111
Info (10041): Inferred latch for "DISPLAY_LETTER_2[4]" at hangman.vhd(111) File: C:/Users/chris/Desktop/quartus/Trabalhos/HangmanGame/code/hangman/hangman.vhd Line: 111
Info (10041): Inferred latch for "DISPLAY_LETTER_1[0]" at hangman.vhd(111) File: C:/Users/chris/Desktop/quartus/Trabalhos/HangmanGame/code/hangman/hangman.vhd Line: 111
Info (10041): Inferred latch for "DISPLAY_LETTER_1[1]" at hangman.vhd(111) File: C:/Users/chris/Desktop/quartus/Trabalhos/HangmanGame/code/hangman/hangman.vhd Line: 111
Info (10041): Inferred latch for "DISPLAY_LETTER_1[2]" at hangman.vhd(111) File: C:/Users/chris/Desktop/quartus/Trabalhos/HangmanGame/code/hangman/hangman.vhd Line: 111
Info (10041): Inferred latch for "DISPLAY_LETTER_1[3]" at hangman.vhd(111) File: C:/Users/chris/Desktop/quartus/Trabalhos/HangmanGame/code/hangman/hangman.vhd Line: 111
Info (10041): Inferred latch for "DISPLAY_LETTER_1[4]" at hangman.vhd(111) File: C:/Users/chris/Desktop/quartus/Trabalhos/HangmanGame/code/hangman/hangman.vhd Line: 111
Warning (12125): Using design file letter_verification.vhd, which is not specified as a design file for the current project, but contains definitions for 2 design units and 1 entities in project
    Info (12022): Found design unit 1: letter_verification-hardware File: C:/Users/chris/Desktop/quartus/Trabalhos/HangmanGame/code/hangman/letter_verification.vhd Line: 37
    Info (12023): Found entity 1: letter_verification File: C:/Users/chris/Desktop/quartus/Trabalhos/HangmanGame/code/hangman/letter_verification.vhd Line: 23
Info (12128): Elaborating entity "letter_verification" for hierarchy "letter_verification:letter_verification_comp" File: C:/Users/chris/Desktop/quartus/Trabalhos/HangmanGame/code/hangman/hangman.vhd Line: 107
Warning (10492): VHDL Process Statement warning at letter_verification.vhd(61): signal "LIFE_CTRL" is read inside the Process Statement but isn't in the Process Statement's sensitivity list File: C:/Users/chris/Desktop/quartus/Trabalhos/HangmanGame/code/hangman/letter_verification.vhd Line: 61
Warning (12125): Using design file state_handler.vhd, which is not specified as a design file for the current project, but contains definitions for 2 design units and 1 entities in project
    Info (12022): Found design unit 1: state_handler-hardware File: C:/Users/chris/Desktop/quartus/Trabalhos/HangmanGame/code/hangman/state_handler.vhd Line: 37
    Info (12023): Found entity 1: state_handler File: C:/Users/chris/Desktop/quartus/Trabalhos/HangmanGame/code/hangman/state_handler.vhd Line: 23
Info (12128): Elaborating entity "state_handler" for hierarchy "state_handler:state_handler_comp" File: C:/Users/chris/Desktop/quartus/Trabalhos/HangmanGame/code/hangman/hangman.vhd Line: 109
Warning (10492): VHDL Process Statement warning at state_handler.vhd(63): signal "current_state" is read inside the Process Statement but isn't in the Process Statement's sensitivity list File: C:/Users/chris/Desktop/quartus/Trabalhos/HangmanGame/code/hangman/state_handler.vhd Line: 63
Warning (10492): VHDL Process Statement warning at state_handler.vhd(68): signal "current_state" is read inside the Process Statement but isn't in the Process Statement's sensitivity list File: C:/Users/chris/Desktop/quartus/Trabalhos/HangmanGame/code/hangman/state_handler.vhd Line: 68
Warning (10492): VHDL Process Statement warning at state_handler.vhd(73): signal "current_state" is read inside the Process Statement but isn't in the Process Statement's sensitivity list File: C:/Users/chris/Desktop/quartus/Trabalhos/HangmanGame/code/hangman/state_handler.vhd Line: 73
Warning (10492): VHDL Process Statement warning at state_handler.vhd(78): signal "current_state" is read inside the Process Statement but isn't in the Process Statement's sensitivity list File: C:/Users/chris/Desktop/quartus/Trabalhos/HangmanGame/code/hangman/state_handler.vhd Line: 78
Warning (10492): VHDL Process Statement warning at state_handler.vhd(83): signal "current_state" is read inside the Process Statement but isn't in the Process Statement's sensitivity list File: C:/Users/chris/Desktop/quartus/Trabalhos/HangmanGame/code/hangman/state_handler.vhd Line: 83
Warning (10492): VHDL Process Statement warning at state_handler.vhd(88): signal "current_state" is read inside the Process Statement but isn't in the Process Statement's sensitivity list File: C:/Users/chris/Desktop/quartus/Trabalhos/HangmanGame/code/hangman/state_handler.vhd Line: 88
Warning (10492): VHDL Process Statement warning at state_handler.vhd(93): signal "current_state" is read inside the Process Statement but isn't in the Process Statement's sensitivity list File: C:/Users/chris/Desktop/quartus/Trabalhos/HangmanGame/code/hangman/state_handler.vhd Line: 93
Warning (10492): VHDL Process Statement warning at state_handler.vhd(97): signal "current_state" is read inside the Process Statement but isn't in the Process Statement's sensitivity list File: C:/Users/chris/Desktop/quartus/Trabalhos/HangmanGame/code/hangman/state_handler.vhd Line: 97
Warning (10492): VHDL Process Statement warning at state_handler.vhd(97): signal "LIFE" is read inside the Process Statement but isn't in the Process Statement's sensitivity list File: C:/Users/chris/Desktop/quartus/Trabalhos/HangmanGame/code/hangman/state_handler.vhd Line: 97
Warning (10492): VHDL Process Statement warning at state_handler.vhd(102): signal "current_state" is read inside the Process Statement but isn't in the Process Statement's sensitivity list File: C:/Users/chris/Desktop/quartus/Trabalhos/HangmanGame/code/hangman/state_handler.vhd Line: 102
Warning (10492): VHDL Process Statement warning at state_handler.vhd(103): signal "next_state" is read inside the Process Statement but isn't in the Process Statement's sensitivity list File: C:/Users/chris/Desktop/quartus/Trabalhos/HangmanGame/code/hangman/state_handler.vhd Line: 103
Warning (10631): VHDL Process Statement warning at state_handler.vhd(110): inferring latch(es) for signal or variable "STATE_OUT", which holds its previous value in one or more paths through the process File: C:/Users/chris/Desktop/quartus/Trabalhos/HangmanGame/code/hangman/state_handler.vhd Line: 110
Info (10041): Inferred latch for "STATE_OUT[0]" at state_handler.vhd(110) File: C:/Users/chris/Desktop/quartus/Trabalhos/HangmanGame/code/hangman/state_handler.vhd Line: 110
Info (10041): Inferred latch for "STATE_OUT[1]" at state_handler.vhd(110) File: C:/Users/chris/Desktop/quartus/Trabalhos/HangmanGame/code/hangman/state_handler.vhd Line: 110
Info (10041): Inferred latch for "STATE_OUT[2]" at state_handler.vhd(110) File: C:/Users/chris/Desktop/quartus/Trabalhos/HangmanGame/code/hangman/state_handler.vhd Line: 110
Warning (12125): Using design file display_7seg.vhd, which is not specified as a design file for the current project, but contains definitions for 2 design units and 1 entities in project
    Info (12022): Found design unit 1: display_7seg-hardware File: C:/Users/chris/Desktop/quartus/Trabalhos/HangmanGame/code/hangman/display_7seg.vhd Line: 30
    Info (12023): Found entity 1: display_7seg File: C:/Users/chris/Desktop/quartus/Trabalhos/HangmanGame/code/hangman/display_7seg.vhd Line: 19
Info (12128): Elaborating entity "display_7seg" for hierarchy "display_7seg:display6_comp" File: C:/Users/chris/Desktop/quartus/Trabalhos/HangmanGame/code/hangman/hangman.vhd Line: 150
Info (13025): Duplicate LATCH primitives merged into single LATCH primitive
    Info (13026): Duplicate LATCH primitive "DISPLAY_LETTER_5[0]" merged with LATCH primitive "DISPLAY_LETTER_1[0]" File: C:/Users/chris/Desktop/quartus/Trabalhos/HangmanGame/code/hangman/hangman.vhd Line: 111
    Info (13026): Duplicate LATCH primitive "DISPLAY_LETTER_5[1]" merged with LATCH primitive "DISPLAY_LETTER_1[0]" File: C:/Users/chris/Desktop/quartus/Trabalhos/HangmanGame/code/hangman/hangman.vhd Line: 111
    Info (13026): Duplicate LATCH primitive "DISPLAY_LETTER_5[2]" merged with LATCH primitive "DISPLAY_LETTER_1[0]" File: C:/Users/chris/Desktop/quartus/Trabalhos/HangmanGame/code/hangman/hangman.vhd Line: 111
    Info (13026): Duplicate LATCH primitive "DISPLAY_LETTER_5[3]" merged with LATCH primitive "DISPLAY_LETTER_1[0]" File: C:/Users/chris/Desktop/quartus/Trabalhos/HangmanGame/code/hangman/hangman.vhd Line: 111
    Info (13026): Duplicate LATCH primitive "DISPLAY_LETTER_4[0]" merged with LATCH primitive "DISPLAY_LETTER_1[0]" File: C:/Users/chris/Desktop/quartus/Trabalhos/HangmanGame/code/hangman/hangman.vhd Line: 111
    Info (13026): Duplicate LATCH primitive "DISPLAY_LETTER_4[1]" merged with LATCH primitive "DISPLAY_LETTER_1[0]" File: C:/Users/chris/Desktop/quartus/Trabalhos/HangmanGame/code/hangman/hangman.vhd Line: 111
    Info (13026): Duplicate LATCH primitive "DISPLAY_LETTER_4[2]" merged with LATCH primitive "DISPLAY_LETTER_1[0]" File: C:/Users/chris/Desktop/quartus/Trabalhos/HangmanGame/code/hangman/hangman.vhd Line: 111
    Info (13026): Duplicate LATCH primitive "DISPLAY_LETTER_4[3]" merged with LATCH primitive "DISPLAY_LETTER_1[0]" File: C:/Users/chris/Desktop/quartus/Trabalhos/HangmanGame/code/hangman/hangman.vhd Line: 111
    Info (13026): Duplicate LATCH primitive "DISPLAY_LETTER_3[0]" merged with LATCH primitive "DISPLAY_LETTER_1[0]" File: C:/Users/chris/Desktop/quartus/Trabalhos/HangmanGame/code/hangman/hangman.vhd Line: 111
    Info (13026): Duplicate LATCH primitive "DISPLAY_LETTER_3[1]" merged with LATCH primitive "DISPLAY_LETTER_1[0]" File: C:/Users/chris/Desktop/quartus/Trabalhos/HangmanGame/code/hangman/hangman.vhd Line: 111
    Info (13026): Duplicate LATCH primitive "DISPLAY_LETTER_3[2]" merged with LATCH primitive "DISPLAY_LETTER_1[0]" File: C:/Users/chris/Desktop/quartus/Trabalhos/HangmanGame/code/hangman/hangman.vhd Line: 111
    Info (13026): Duplicate LATCH primitive "DISPLAY_LETTER_3[3]" merged with LATCH primitive "DISPLAY_LETTER_1[0]" File: C:/Users/chris/Desktop/quartus/Trabalhos/HangmanGame/code/hangman/hangman.vhd Line: 111
    Info (13026): Duplicate LATCH primitive "DISPLAY_LETTER_2[0]" merged with LATCH primitive "DISPLAY_LETTER_1[0]" File: C:/Users/chris/Desktop/quartus/Trabalhos/HangmanGame/code/hangman/hangman.vhd Line: 111
    Info (13026): Duplicate LATCH primitive "DISPLAY_LETTER_2[1]" merged with LATCH primitive "DISPLAY_LETTER_1[0]" File: C:/Users/chris/Desktop/quartus/Trabalhos/HangmanGame/code/hangman/hangman.vhd Line: 111
    Info (13026): Duplicate LATCH primitive "DISPLAY_LETTER_2[2]" merged with LATCH primitive "DISPLAY_LETTER_1[0]" File: C:/Users/chris/Desktop/quartus/Trabalhos/HangmanGame/code/hangman/hangman.vhd Line: 111
    Info (13026): Duplicate LATCH primitive "DISPLAY_LETTER_2[3]" merged with LATCH primitive "DISPLAY_LETTER_1[0]" File: C:/Users/chris/Desktop/quartus/Trabalhos/HangmanGame/code/hangman/hangman.vhd Line: 111
    Info (13026): Duplicate LATCH primitive "DISPLAY_LETTER_1[1]" merged with LATCH primitive "DISPLAY_LETTER_1[0]" File: C:/Users/chris/Desktop/quartus/Trabalhos/HangmanGame/code/hangman/hangman.vhd Line: 111
    Info (13026): Duplicate LATCH primitive "DISPLAY_LETTER_1[2]" merged with LATCH primitive "DISPLAY_LETTER_1[0]" File: C:/Users/chris/Desktop/quartus/Trabalhos/HangmanGame/code/hangman/hangman.vhd Line: 111
    Info (13026): Duplicate LATCH primitive "DISPLAY_LETTER_1[3]" merged with LATCH primitive "DISPLAY_LETTER_1[0]" File: C:/Users/chris/Desktop/quartus/Trabalhos/HangmanGame/code/hangman/hangman.vhd Line: 111
    Info (13026): Duplicate LATCH primitive "DISPLAY_LETTER_3[4]" merged with LATCH primitive "DISPLAY_LETTER_1[4]" File: C:/Users/chris/Desktop/quartus/Trabalhos/HangmanGame/code/hangman/hangman.vhd Line: 111
    Info (13026): Duplicate LATCH primitive "DISPLAY_LETTER_6[1]" merged with LATCH primitive "DISPLAY_LETTER_6[0]" File: C:/Users/chris/Desktop/quartus/Trabalhos/HangmanGame/code/hangman/hangman.vhd Line: 111
    Info (13026): Duplicate LATCH primitive "DISPLAY_LETTER_6[2]" merged with LATCH primitive "DISPLAY_LETTER_6[0]" File: C:/Users/chris/Desktop/quartus/Trabalhos/HangmanGame/code/hangman/hangman.vhd Line: 111
    Info (13026): Duplicate LATCH primitive "DISPLAY_LETTER_6[3]" merged with LATCH primitive "DISPLAY_LETTER_6[0]" File: C:/Users/chris/Desktop/quartus/Trabalhos/HangmanGame/code/hangman/hangman.vhd Line: 111
Warning (13012): Latch DISPLAY_LETTER_1[0] has unsafe behavior File: C:/Users/chris/Desktop/quartus/Trabalhos/HangmanGame/code/hangman/hangman.vhd Line: 111
    Warning (13013): Ports D and ENA on the latch are fed by the same signal state_handler:state_handler_comp|current_state.Char0 File: C:/Users/chris/Desktop/quartus/Trabalhos/HangmanGame/code/hangman/state_handler.vhd Line: 40
Warning (13012): Latch DISPLAY_LETTER_1[4] has unsafe behavior File: C:/Users/chris/Desktop/quartus/Trabalhos/HangmanGame/code/hangman/hangman.vhd Line: 111
    Warning (13013): Ports D and ENA on the latch are fed by the same signal state_handler:state_handler_comp|current_state.Char0 File: C:/Users/chris/Desktop/quartus/Trabalhos/HangmanGame/code/hangman/state_handler.vhd Line: 40
Warning (13012): Latch DISPLAY_LETTER_2[4] has unsafe behavior File: C:/Users/chris/Desktop/quartus/Trabalhos/HangmanGame/code/hangman/hangman.vhd Line: 111
    Warning (13013): Ports D and ENA on the latch are fed by the same signal state_handler:state_handler_comp|current_state.Char0 File: C:/Users/chris/Desktop/quartus/Trabalhos/HangmanGame/code/hangman/state_handler.vhd Line: 40
Warning (13012): Latch DISPLAY_LETTER_4[4] has unsafe behavior File: C:/Users/chris/Desktop/quartus/Trabalhos/HangmanGame/code/hangman/hangman.vhd Line: 111
    Warning (13013): Ports D and ENA on the latch are fed by the same signal state_handler:state_handler_comp|current_state.Char0 File: C:/Users/chris/Desktop/quartus/Trabalhos/HangmanGame/code/hangman/state_handler.vhd Line: 40
Warning (13012): Latch DISPLAY_LETTER_5[4] has unsafe behavior File: C:/Users/chris/Desktop/quartus/Trabalhos/HangmanGame/code/hangman/hangman.vhd Line: 111
    Warning (13013): Ports D and ENA on the latch are fed by the same signal state_handler:state_handler_comp|current_state.Char0 File: C:/Users/chris/Desktop/quartus/Trabalhos/HangmanGame/code/hangman/state_handler.vhd Line: 40
Warning (13012): Latch DISPLAY_LETTER_6[0] has unsafe behavior File: C:/Users/chris/Desktop/quartus/Trabalhos/HangmanGame/code/hangman/hangman.vhd Line: 111
    Warning (13013): Ports D and ENA on the latch are fed by the same signal state_handler:state_handler_comp|current_state.Char0 File: C:/Users/chris/Desktop/quartus/Trabalhos/HangmanGame/code/hangman/state_handler.vhd Line: 40
Warning (13012): Latch DISPLAY_LETTER_6[4] has unsafe behavior File: C:/Users/chris/Desktop/quartus/Trabalhos/HangmanGame/code/hangman/hangman.vhd Line: 111
    Warning (13013): Ports D and ENA on the latch are fed by the same signal state_handler:state_handler_comp|current_state.Char0 File: C:/Users/chris/Desktop/quartus/Trabalhos/HangmanGame/code/hangman/state_handler.vhd Line: 40
Info (286030): Timing-Driven Synthesis is running
Info (16010): Generating hard_block partition "hard_block:auto_generated_inst"
    Info (16011): Adding 0 node(s), including 0 DDIO, 0 PLL, 0 transceiver and 0 LCELL
Info (21057): Implemented 213 device resources after synthesis - the final resource count might be different
    Info (21058): Implemented 18 input pins
    Info (21059): Implemented 52 output pins
    Info (21061): Implemented 143 logic cells
Info: Quartus Prime Analysis & Synthesis was successful. 0 errors, 38 warnings
    Info: Peak virtual memory: 4785 megabytes
    Info: Processing ended: Tue Oct 05 12:46:17 2021
    Info: Elapsed time: 00:00:20
    Info: Total CPU time (on all processors): 00:00:33


